{"/Users/sohilpandya/Documents/github/tuber/handlers/home.js":{"path":"/Users/sohilpandya/Documents/github/tuber/handlers/home.js","s":{"1":1,"2":1,"3":1,"4":1,"5":1},"b":{},"f":{"1":1},"fnMap":{"1":{"name":"home","line":6,"loc":{"start":{"line":6,"column":17},"end":{"line":6,"column":40}}}},"statementMap":{"1":{"start":{"line":1,"column":0},"end":{"line":1,"column":22}},"2":{"start":{"line":2,"column":0},"end":{"line":2,"column":65}},"3":{"start":{"line":6,"column":0},"end":{"line":9,"column":2}},"4":{"start":{"line":7,"column":2},"end":{"line":7,"column":51}},"5":{"start":{"line":8,"column":2},"end":{"line":8,"column":17}}},"branchMap":{}},"/Users/sohilpandya/Documents/github/tuber/handlers/generalHandler.js":{"path":"/Users/sohilpandya/Documents/github/tuber/handlers/generalHandler.js","s":{"1":1,"2":1,"3":2,"4":2,"5":1,"6":1,"7":1,"8":1,"9":1,"10":1},"b":{"1":[1,1]},"f":{"1":2,"2":2},"fnMap":{"1":{"name":"(anonymous_1)","line":3,"loc":{"start":{"line":3,"column":21},"end":{"line":3,"column":40}}},"2":{"name":"(anonymous_2)","line":4,"loc":{"start":{"line":4,"column":34},"end":{"line":4,"column":54}}}},"statementMap":{"1":{"start":{"line":1,"column":0},"end":{"line":1,"column":23}},"2":{"start":{"line":3,"column":0},"end":{"line":18,"column":2}},"3":{"start":{"line":4,"column":0},"end":{"line":17,"column":3}},"4":{"start":{"line":5,"column":2},"end":{"line":16,"column":3}},"5":{"start":{"line":6,"column":4},"end":{"line":8,"column":7}},"6":{"start":{"line":9,"column":4},"end":{"line":9,"column":34}},"7":{"start":{"line":11,"column":4},"end":{"line":11,"column":36}},"8":{"start":{"line":12,"column":4},"end":{"line":14,"column":7}},"9":{"start":{"line":15,"column":4},"end":{"line":15,"column":18}},"10":{"start":{"line":20,"column":0},"end":{"line":20,"column":32}}},"branchMap":{"1":{"line":5,"type":"if","locations":[{"start":{"line":5,"column":2},"end":{"line":5,"column":2}},{"start":{"line":5,"column":2},"end":{"line":5,"column":2}}]}}},"/Users/sohilpandya/Documents/github/tuber/handlers/journeyApi.js":{"path":"/Users/sohilpandya/Documents/github/tuber/handlers/journeyApi.js","s":{"1":1,"2":1,"3":1,"4":1,"5":1,"6":0,"7":0,"8":0,"9":0,"10":0,"11":0,"12":0,"13":0,"14":1,"15":0,"16":0,"17":0,"18":0,"19":0,"20":0,"21":0,"22":0,"23":1,"24":0,"25":0,"26":0,"27":0,"28":0,"29":0,"30":0,"31":0,"32":0,"33":0,"34":0,"35":0,"36":0,"37":0,"38":0,"39":0,"40":0,"41":0,"42":0,"43":0,"44":0,"45":0,"46":0,"47":0},"b":{"1":[0,0],"2":[0,0],"3":[0,0],"4":[0,0]},"f":{"1":0,"2":0,"3":0,"4":0,"5":0,"6":0,"7":0,"8":0},"fnMap":{"1":{"name":"JourneyApi","line":7,"loc":{"start":{"line":7,"column":17},"end":{"line":7,"column":54}}},"2":{"name":"(anonymous_2)","line":18,"loc":{"start":{"line":18,"column":307},"end":{"line":18,"column":339}}},"3":{"name":"pushDepartureToArr","line":27,"loc":{"start":{"line":27,"column":6},"end":{"line":27,"column":49}}},"4":{"name":"(anonymous_4)","line":36,"loc":{"start":{"line":36,"column":43},"end":{"line":36,"column":65}}},"5":{"name":"pushStopPointsToArr","line":43,"loc":{"start":{"line":43,"column":6},"end":{"line":43,"column":50}}},"6":{"name":"(anonymous_6)","line":47,"loc":{"start":{"line":47,"column":49},"end":{"line":47,"column":63}}},"7":{"name":"(anonymous_7)","line":76,"loc":{"start":{"line":76,"column":27},"end":{"line":76,"column":44}}},"8":{"name":"(anonymous_8)","line":109,"loc":{"start":{"line":109,"column":8},"end":{"line":109,"column":21}}}},"statementMap":{"1":{"start":{"line":2,"column":0},"end":{"line":2,"column":27}},"2":{"start":{"line":3,"column":0},"end":{"line":3,"column":33}},"3":{"start":{"line":4,"column":0},"end":{"line":4,"column":23}},"4":{"start":{"line":5,"column":0},"end":{"line":5,"column":40}},"5":{"start":{"line":7,"column":0},"end":{"line":121,"column":2}},"6":{"start":{"line":9,"column":2},"end":{"line":9,"column":21}},"7":{"start":{"line":11,"column":2},"end":{"line":11,"column":71}},"8":{"start":{"line":12,"column":2},"end":{"line":12,"column":67}},"9":{"start":{"line":14,"column":2},"end":{"line":16,"column":5}},"10":{"start":{"line":18,"column":2},"end":{"line":119,"column":5}},"11":{"start":{"line":20,"column":4},"end":{"line":118,"column":5}},"12":{"start":{"line":22,"column":6},"end":{"line":22,"column":43}},"13":{"start":{"line":25,"column":6},"end":{"line":25,"column":33}},"14":{"start":{"line":27,"column":6},"end":{"line":33,"column":7}},"15":{"start":{"line":28,"column":8},"end":{"line":28,"column":33}},"16":{"start":{"line":29,"column":8},"end":{"line":29,"column":90}},"17":{"start":{"line":30,"column":8},"end":{"line":30,"column":94}},"18":{"start":{"line":32,"column":8},"end":{"line":32,"column":48}},"19":{"start":{"line":34,"column":6},"end":{"line":34,"column":52}},"20":{"start":{"line":36,"column":6},"end":{"line":39,"column":12}},"21":{"start":{"line":38,"column":8},"end":{"line":38,"column":51}},"22":{"start":{"line":41,"column":6},"end":{"line":41,"column":33}},"23":{"start":{"line":43,"column":6},"end":{"line":57,"column":7}},"24":{"start":{"line":47,"column":8},"end":{"line":52,"column":11}},"25":{"start":{"line":48,"column":10},"end":{"line":48,"column":26}},"26":{"start":{"line":49,"column":10},"end":{"line":49,"column":32}},"27":{"start":{"line":50,"column":10},"end":{"line":50,"column":36}},"28":{"start":{"line":51,"column":10},"end":{"line":51,"column":24}},"29":{"start":{"line":53,"column":8},"end":{"line":53,"column":74}},"30":{"start":{"line":54,"column":8},"end":{"line":54,"column":58}},"31":{"start":{"line":59,"column":6},"end":{"line":59,"column":40}},"32":{"start":{"line":61,"column":6},"end":{"line":61,"column":60}},"33":{"start":{"line":63,"column":6},"end":{"line":63,"column":48}},"34":{"start":{"line":65,"column":6},"end":{"line":74,"column":8}},"35":{"start":{"line":76,"column":6},"end":{"line":104,"column":9}},"36":{"start":{"line":77,"column":8},"end":{"line":77,"column":21}},"37":{"start":{"line":78,"column":8},"end":{"line":78,"column":22}},"38":{"start":{"line":81,"column":8},"end":{"line":86,"column":9}},"39":{"start":{"line":82,"column":10},"end":{"line":85,"column":11}},"40":{"start":{"line":83,"column":12},"end":{"line":83,"column":59}},"41":{"start":{"line":84,"column":12},"end":{"line":84,"column":61}},"42":{"start":{"line":87,"column":8},"end":{"line":100,"column":10}},"43":{"start":{"line":103,"column":8},"end":{"line":103,"column":59}},"44":{"start":{"line":108,"column":6},"end":{"line":116,"column":8}},"45":{"start":{"line":110,"column":10},"end":{"line":112,"column":11}},"46":{"start":{"line":111,"column":12},"end":{"line":111,"column":36}},"47":{"start":{"line":114,"column":10},"end":{"line":114,"column":20}}},"branchMap":{"1":{"line":20,"type":"if","locations":[{"start":{"line":20,"column":4},"end":{"line":20,"column":4}},{"start":{"line":20,"column":4},"end":{"line":20,"column":4}}]},"2":{"line":20,"type":"binary-expr","locations":[{"start":{"line":20,"column":8},"end":{"line":20,"column":14}},{"start":{"line":20,"column":18},"end":{"line":20,"column":44}}]},"3":{"line":82,"type":"if","locations":[{"start":{"line":82,"column":10},"end":{"line":82,"column":10}},{"start":{"line":82,"column":10},"end":{"line":82,"column":10}}]},"4":{"line":110,"type":"if","locations":[{"start":{"line":110,"column":10},"end":{"line":110,"column":10}},{"start":{"line":110,"column":10},"end":{"line":110,"column":10}}]}}},"/Users/sohilpandya/Documents/github/tuber/handlers/stations.js":{"path":"/Users/sohilpandya/Documents/github/tuber/handlers/stations.js","s":{"1":1,"2":1},"b":{},"f":{},"fnMap":{},"statementMap":{"1":{"start":{"line":1,"column":0},"end":{"line":3462,"column":2}},"2":{"start":{"line":3464,"column":0},"end":{"line":3464,"column":26}}},"branchMap":{}}}