{"/Users/sohilpandya/Documents/github/tuber/handlers/home.js":{"path":"/Users/sohilpandya/Documents/github/tuber/handlers/home.js","s":{"1":1,"2":1,"3":1,"4":1,"5":1},"b":{},"f":{"1":1},"fnMap":{"1":{"name":"home","line":6,"loc":{"start":{"line":6,"column":17},"end":{"line":6,"column":40}}}},"statementMap":{"1":{"start":{"line":1,"column":0},"end":{"line":1,"column":22}},"2":{"start":{"line":2,"column":0},"end":{"line":2,"column":65}},"3":{"start":{"line":6,"column":0},"end":{"line":9,"column":2}},"4":{"start":{"line":7,"column":2},"end":{"line":7,"column":51}},"5":{"start":{"line":8,"column":2},"end":{"line":8,"column":17}}},"branchMap":{}},"/Users/sohilpandya/Documents/github/tuber/handlers/generalHandler.js":{"path":"/Users/sohilpandya/Documents/github/tuber/handlers/generalHandler.js","s":{"1":1,"2":1,"3":2,"4":2,"5":1,"6":1,"7":1,"8":1,"9":1,"10":1},"b":{"1":[1,1]},"f":{"1":2,"2":2},"fnMap":{"1":{"name":"(anonymous_1)","line":3,"loc":{"start":{"line":3,"column":21},"end":{"line":3,"column":40}}},"2":{"name":"(anonymous_2)","line":4,"loc":{"start":{"line":4,"column":34},"end":{"line":4,"column":54}}}},"statementMap":{"1":{"start":{"line":1,"column":0},"end":{"line":1,"column":23}},"2":{"start":{"line":3,"column":0},"end":{"line":18,"column":2}},"3":{"start":{"line":4,"column":0},"end":{"line":17,"column":3}},"4":{"start":{"line":5,"column":2},"end":{"line":16,"column":3}},"5":{"start":{"line":6,"column":4},"end":{"line":8,"column":7}},"6":{"start":{"line":9,"column":4},"end":{"line":9,"column":34}},"7":{"start":{"line":11,"column":4},"end":{"line":11,"column":36}},"8":{"start":{"line":12,"column":4},"end":{"line":14,"column":7}},"9":{"start":{"line":15,"column":4},"end":{"line":15,"column":18}},"10":{"start":{"line":20,"column":0},"end":{"line":20,"column":32}}},"branchMap":{"1":{"line":5,"type":"if","locations":[{"start":{"line":5,"column":2},"end":{"line":5,"column":2}},{"start":{"line":5,"column":2},"end":{"line":5,"column":2}}]}}},"/Users/sohilpandya/Documents/github/tuber/handlers/journeyApi.js":{"path":"/Users/sohilpandya/Documents/github/tuber/handlers/journeyApi.js","s":{"1":1,"2":1,"3":1,"4":1,"5":1,"6":1,"7":1,"8":1,"9":1,"10":1,"11":1,"12":1,"13":1,"14":1,"15":1,"16":0,"17":1,"18":0,"19":0,"20":0,"21":0,"22":0,"23":0,"24":0,"25":1,"26":0,"27":0,"28":0,"29":0,"30":0,"31":0,"32":0,"33":0,"34":0,"35":0,"36":0,"37":0,"38":0,"39":1,"40":0,"41":0,"42":0,"43":0,"44":0,"45":0,"46":0,"47":0,"48":0},"b":{"1":[1,0],"2":[1,1],"3":[1,0],"4":[0,0],"5":[0,0]},"f":{"1":1,"2":1,"3":0,"4":0,"5":0,"6":0,"7":0,"8":0,"9":0},"fnMap":{"1":{"name":"JourneyApi","line":7,"loc":{"start":{"line":7,"column":17},"end":{"line":7,"column":54}}},"2":{"name":"(anonymous_2)","line":14,"loc":{"start":{"line":14,"column":309},"end":{"line":14,"column":341}}},"3":{"name":"pushDepartureToArr","line":22,"loc":{"start":{"line":22,"column":12},"end":{"line":22,"column":55}}},"4":{"name":"(anonymous_4)","line":29,"loc":{"start":{"line":29,"column":49},"end":{"line":29,"column":73}}},"5":{"name":"pushStopPointsToArr","line":33,"loc":{"start":{"line":33,"column":12},"end":{"line":33,"column":56}}},"6":{"name":"(anonymous_6)","line":34,"loc":{"start":{"line":34,"column":55},"end":{"line":34,"column":69}}},"7":{"name":"(anonymous_7)","line":55,"loc":{"start":{"line":55,"column":33},"end":{"line":55,"column":50}}},"8":{"name":"addLatLong","line":61,"loc":{"start":{"line":61,"column":14},"end":{"line":61,"column":42}}},"9":{"name":"(anonymous_9)","line":91,"loc":{"start":{"line":91,"column":14},"end":{"line":91,"column":28}}}},"statementMap":{"1":{"start":{"line":1,"column":0},"end":{"line":1,"column":27}},"2":{"start":{"line":2,"column":0},"end":{"line":2,"column":33}},"3":{"start":{"line":3,"column":0},"end":{"line":3,"column":23}},"4":{"start":{"line":4,"column":0},"end":{"line":4,"column":40}},"5":{"start":{"line":5,"column":0},"end":{"line":5,"column":42}},"6":{"start":{"line":7,"column":0},"end":{"line":102,"column":6}},"7":{"start":{"line":8,"column":2},"end":{"line":8,"column":43}},"8":{"start":{"line":9,"column":4},"end":{"line":9,"column":73}},"9":{"start":{"line":10,"column":4},"end":{"line":10,"column":69}},"10":{"start":{"line":11,"column":4},"end":{"line":13,"column":7}},"11":{"start":{"line":14,"column":4},"end":{"line":100,"column":11}},"12":{"start":{"line":15,"column":8},"end":{"line":99,"column":9}},"13":{"start":{"line":16,"column":10},"end":{"line":16,"column":47}},"14":{"start":{"line":17,"column":10},"end":{"line":98,"column":11}},"15":{"start":{"line":18,"column":12},"end":{"line":18,"column":63}},"16":{"start":{"line":20,"column":12},"end":{"line":20,"column":39}},"17":{"start":{"line":22,"column":12},"end":{"line":27,"column":13}},"18":{"start":{"line":23,"column":14},"end":{"line":23,"column":39}},"19":{"start":{"line":24,"column":14},"end":{"line":24,"column":96}},"20":{"start":{"line":25,"column":14},"end":{"line":25,"column":100}},"21":{"start":{"line":26,"column":14},"end":{"line":26,"column":54}},"22":{"start":{"line":28,"column":12},"end":{"line":28,"column":58}},"23":{"start":{"line":29,"column":12},"end":{"line":31,"column":19}},"24":{"start":{"line":30,"column":14},"end":{"line":30,"column":57}},"25":{"start":{"line":33,"column":12},"end":{"line":41,"column":13}},"26":{"start":{"line":34,"column":14},"end":{"line":39,"column":17}},"27":{"start":{"line":35,"column":16},"end":{"line":35,"column":32}},"28":{"start":{"line":36,"column":16},"end":{"line":36,"column":38}},"29":{"start":{"line":37,"column":16},"end":{"line":37,"column":42}},"30":{"start":{"line":38,"column":16},"end":{"line":38,"column":30}},"31":{"start":{"line":40,"column":14},"end":{"line":40,"column":64}},"32":{"start":{"line":42,"column":12},"end":{"line":42,"column":46}},"33":{"start":{"line":43,"column":12},"end":{"line":43,"column":66}},"34":{"start":{"line":44,"column":12},"end":{"line":53,"column":14}},"35":{"start":{"line":55,"column":12},"end":{"line":89,"column":15}},"36":{"start":{"line":56,"column":14},"end":{"line":56,"column":27}},"37":{"start":{"line":57,"column":14},"end":{"line":57,"column":28}},"38":{"start":{"line":59,"column":14},"end":{"line":59,"column":52}},"39":{"start":{"line":61,"column":14},"end":{"line":66,"column":15}},"40":{"start":{"line":62,"column":16},"end":{"line":65,"column":17}},"41":{"start":{"line":63,"column":16},"end":{"line":63,"column":50}},"42":{"start":{"line":64,"column":16},"end":{"line":64,"column":52}},"43":{"start":{"line":74,"column":14},"end":{"line":87,"column":16}},"44":{"start":{"line":88,"column":14},"end":{"line":88,"column":65}},"45":{"start":{"line":90,"column":12},"end":{"line":96,"column":17}},"46":{"start":{"line":92,"column":16},"end":{"line":94,"column":17}},"47":{"start":{"line":93,"column":18},"end":{"line":93,"column":42}},"48":{"start":{"line":95,"column":16},"end":{"line":95,"column":26}}},"branchMap":{"1":{"line":15,"type":"if","locations":[{"start":{"line":15,"column":8},"end":{"line":15,"column":8}},{"start":{"line":15,"column":8},"end":{"line":15,"column":8}}]},"2":{"line":15,"type":"binary-expr","locations":[{"start":{"line":15,"column":12},"end":{"line":15,"column":18}},{"start":{"line":15,"column":22},"end":{"line":15,"column":48}}]},"3":{"line":17,"type":"if","locations":[{"start":{"line":17,"column":10},"end":{"line":17,"column":10}},{"start":{"line":17,"column":10},"end":{"line":17,"column":10}}]},"4":{"line":62,"type":"if","locations":[{"start":{"line":62,"column":16},"end":{"line":62,"column":16}},{"start":{"line":62,"column":16},"end":{"line":62,"column":16}}]},"5":{"line":92,"type":"if","locations":[{"start":{"line":92,"column":16},"end":{"line":92,"column":16}},{"start":{"line":92,"column":16},"end":{"line":92,"column":16}}]}}},"/Users/sohilpandya/Documents/github/tuber/handlers/stations.js":{"path":"/Users/sohilpandya/Documents/github/tuber/handlers/stations.js","s":{"1":1,"2":1},"b":{},"f":{},"fnMap":{},"statementMap":{"1":{"start":{"line":1,"column":0},"end":{"line":3462,"column":2}},"2":{"start":{"line":3464,"column":0},"end":{"line":3464,"column":26}}},"branchMap":{}}}