TN:
SF:/home/tormod/FAC6/tuber/handlers/home.js
FN:6,home
FNF:1
FNH:1
FNDA:1,home
DA:1,1
DA:2,1
DA:6,1
DA:7,1
DA:8,1
LF:5
LH:5
BRF:0
BRH:0
end_of_record
TN:
SF:/home/tormod/FAC6/tuber/handlers/generalHandler.js
FN:3,(anonymous_1)
FN:4,(anonymous_2)
FNF:2
FNH:2
FNDA:2,(anonymous_1)
FNDA:2,(anonymous_2)
DA:1,1
DA:3,1
DA:4,2
DA:5,2
DA:6,1
DA:9,1
DA:11,1
DA:12,1
DA:15,1
DA:20,1
LF:10
LH:10
BRDA:5,1,0,1
BRDA:5,1,1,1
BRF:2
BRH:2
end_of_record
TN:
SF:/home/tormod/FAC6/tuber/handlers/journeyApi.js
FN:6,JourneyApi
FN:17,(anonymous_2)
FN:26,pushDepartureToArr
FN:34,pushStopPointsToArr
FN:37,(anonymous_5)
FN:50,(anonymous_6)
FNF:6
FNH:0
FNDA:0,JourneyApi
FNDA:0,(anonymous_2)
FNDA:0,pushDepartureToArr
FNDA:0,pushStopPointsToArr
FNDA:0,(anonymous_5)
FNDA:0,(anonymous_6)
DA:2,1
DA:3,1
DA:4,1
DA:6,1
DA:9,0
DA:10,0
DA:11,0
DA:13,0
DA:17,0
DA:19,0
DA:21,0
DA:24,0
DA:26,1
DA:27,0
DA:28,0
DA:29,0
DA:31,0
DA:34,1
DA:35,0
DA:37,0
DA:38,0
DA:39,0
DA:40,0
DA:41,0
DA:44,0
DA:47,0
DA:48,0
DA:50,0
DA:51,0
DA:52,0
DA:54,0
DA:55,0
DA:56,0
DA:57,0
DA:60,0
DA:74,0
DA:79,0
LF:37
LH:6
BRDA:19,1,0,0
BRDA:19,1,1,0
BRDA:19,2,0,0
BRDA:19,2,1,0
BRDA:55,3,0,0
BRDA:55,3,1,0
BRF:6
BRH:0
end_of_record
TN:
SF:/home/tormod/FAC6/tuber/handlers/stations.js
FNF:0
FNH:0
DA:1,1
DA:3464,1
LF:2
LH:2
BRF:0
BRH:0
end_of_record
