TN:
SF:/Users/sohilpandya/Documents/github/tuber/handlers/home.js
FN:6,home
FNF:1
FNH:1
FNDA:1,home
DA:1,1
DA:2,1
DA:6,1
DA:7,1
DA:8,1
LF:5
LH:5
BRF:0
BRH:0
end_of_record
TN:
SF:/Users/sohilpandya/Documents/github/tuber/handlers/generalHandler.js
FN:3,(anonymous_1)
FN:4,(anonymous_2)
FNF:2
FNH:2
FNDA:2,(anonymous_1)
FNDA:2,(anonymous_2)
DA:1,1
DA:3,1
DA:4,2
DA:5,2
DA:6,1
DA:9,1
DA:11,1
DA:12,1
DA:15,1
DA:20,1
LF:10
LH:10
BRDA:5,1,0,1
BRDA:5,1,1,1
BRF:2
BRH:2
end_of_record
TN:
SF:/Users/sohilpandya/Documents/github/tuber/handlers/journeyApi.js
FN:7,JourneyApi
FN:14,(anonymous_2)
FN:22,pushDepartureToArr
FN:29,(anonymous_4)
FN:33,pushStopPointsToArr
FN:34,(anonymous_6)
FN:55,(anonymous_7)
FN:61,addLatLong
FN:91,(anonymous_9)
FNF:9
FNH:2
FNDA:1,JourneyApi
FNDA:1,(anonymous_2)
FNDA:0,pushDepartureToArr
FNDA:0,(anonymous_4)
FNDA:0,pushStopPointsToArr
FNDA:0,(anonymous_6)
FNDA:0,(anonymous_7)
FNDA:0,addLatLong
FNDA:0,(anonymous_9)
DA:1,1
DA:2,1
DA:3,1
DA:4,1
DA:5,1
DA:7,1
DA:8,1
DA:9,1
DA:10,1
DA:11,1
DA:14,1
DA:15,1
DA:16,1
DA:17,1
DA:18,1
DA:20,0
DA:22,1
DA:23,0
DA:24,0
DA:25,0
DA:26,0
DA:28,0
DA:29,0
DA:30,0
DA:33,1
DA:34,0
DA:35,0
DA:36,0
DA:37,0
DA:38,0
DA:40,0
DA:42,0
DA:43,0
DA:44,0
DA:55,0
DA:56,0
DA:57,0
DA:59,0
DA:61,1
DA:62,0
DA:63,0
DA:64,0
DA:74,0
DA:88,0
DA:90,0
DA:92,0
DA:93,0
DA:95,0
LF:48
LH:18
BRDA:15,1,0,1
BRDA:15,1,1,0
BRDA:15,2,0,1
BRDA:15,2,1,1
BRDA:17,3,0,1
BRDA:17,3,1,0
BRDA:62,4,0,0
BRDA:62,4,1,0
BRDA:92,5,0,0
BRDA:92,5,1,0
BRF:10
BRH:4
end_of_record
TN:
SF:/Users/sohilpandya/Documents/github/tuber/handlers/stations.js
FNF:0
FNH:0
DA:1,1
DA:3464,1
LF:2
LH:2
BRF:0
BRH:0
end_of_record
